{"/Users/matthew/Documents/University/Computer Science/Year 2/Experimental Systems Project/FutureProof Project/FutureProof/futureproof/packages/client/assets/icon.png": {"path":"/Users/matthew/Documents/University/Computer Science/Year 2/Experimental Systems Project/FutureProof Project/FutureProof/futureproof/packages/client/assets/icon.png","statementMap":{"0":{"start":{"line":1,"column":0},"end":{"line":1,"column":19}}},"fnMap":{},"branchMap":{},"s":{"0":2},"f":{},"b":{},"inputSourceMap":null,"_coverageSchema":"1a1c01bbd47fc00a2c39e90264f33305004495a9","hash":"e36d9de15cd6734a29f5382ab025dce916e67be1"}
,"/Users/matthew/Documents/University/Computer Science/Year 2/Experimental Systems Project/FutureProof Project/FutureProof/futureproof/packages/client/assets/icon_location.png": {"path":"/Users/matthew/Documents/University/Computer Science/Year 2/Experimental Systems Project/FutureProof Project/FutureProof/futureproof/packages/client/assets/icon_location.png","statementMap":{"0":{"start":{"line":1,"column":0},"end":{"line":1,"column":19}}},"fnMap":{},"branchMap":{},"s":{"0":6},"f":{},"b":{},"inputSourceMap":null,"_coverageSchema":"1a1c01bbd47fc00a2c39e90264f33305004495a9","hash":"c043c70a708ad570a2c6edfbafb6e031365dd2d0"}
,"/Users/matthew/Documents/University/Computer Science/Year 2/Experimental Systems Project/FutureProof Project/FutureProof/futureproof/packages/client/assets/icon_paragraph.png": {"path":"/Users/matthew/Documents/University/Computer Science/Year 2/Experimental Systems Project/FutureProof Project/FutureProof/futureproof/packages/client/assets/icon_paragraph.png","statementMap":{"0":{"start":{"line":1,"column":0},"end":{"line":1,"column":19}}},"fnMap":{},"branchMap":{},"s":{"0":4},"f":{},"b":{},"inputSourceMap":null,"_coverageSchema":"1a1c01bbd47fc00a2c39e90264f33305004495a9","hash":"c56219cf05af4c1059d07c60e48fbb2b22029b3f"}
,"/Users/matthew/Documents/University/Computer Science/Year 2/Experimental Systems Project/FutureProof Project/FutureProof/futureproof/packages/client/src/cache.ts": {"path":"/Users/matthew/Documents/University/Computer Science/Year 2/Experimental Systems Project/FutureProof Project/FutureProof/futureproof/packages/client/src/cache.ts","statementMap":{"0":{"start":{"line":4,"column":14},"end":{"line":4,"column":33}},"1":{"start":{"line":5,"column":26},"end":{"line":5,"column":58}}},"fnMap":{},"branchMap":{},"s":{"0":2,"1":2},"f":{},"b":{},"_coverageSchema":"1a1c01bbd47fc00a2c39e90264f33305004495a9","hash":"4cbd1dcaa6cbcfb7b75d366d30f87e2705cdff0c"}
,"/Users/matthew/Documents/University/Computer Science/Year 2/Experimental Systems Project/FutureProof Project/FutureProof/futureproof/packages/client/src/components/BottomSheet.tsx": {"path":"/Users/matthew/Documents/University/Computer Science/Year 2/Experimental Systems Project/FutureProof Project/FutureProof/futureproof/packages/client/src/components/BottomSheet.tsx","statementMap":{"0":{"start":{"line":12,"column":27},"end":{"line":12,"column":30}},"1":{"start":{"line":14,"column":28},"end":{"line":14,"column":31}},"2":{"start":{"line":29,"column":20},"end":{"line":70,"column":1}},"3":{"start":{"line":31,"column":28},"end":{"line":48,"column":3}},"4":{"start":{"line":32,"column":26},"end":{"line":32,"column":55}},"5":{"start":{"line":33,"column":19},"end":{"line":36,"column":6}},"6":{"start":{"line":38,"column":4},"end":{"line":45,"column":14}},"7":{"start":{"line":39,"column":6},"end":{"line":44,"column":16}},"8":{"start":{"line":47,"column":4},"end":{"line":47,"column":17}},"9":{"start":{"line":50,"column":24},"end":{"line":50,"column":52}},"10":{"start":{"line":51,"column":17},"end":{"line":51,"column":48}},"11":{"start":{"line":53,"column":2},"end":{"line":69,"column":3}},"12":{"start":{"line":72,"column":15},"end":{"line":88,"column":2}}},"fnMap":{"0":{"name":"(anonymous_0)","decl":{"start":{"line":29,"column":20},"end":{"line":29,"column":21}},"loc":{"start":{"line":29,"column":83},"end":{"line":70,"column":1}},"line":29},"1":{"name":"(anonymous_1)","decl":{"start":{"line":31,"column":28},"end":{"line":31,"column":29}},"loc":{"start":{"line":31,"column":65},"end":{"line":48,"column":3}},"line":31},"2":{"name":"(anonymous_2)","decl":{"start":{"line":38,"column":14},"end":{"line":38,"column":15}},"loc":{"start":{"line":38,"column":20},"end":{"line":45,"column":5}},"line":38}},"branchMap":{"0":{"loc":{"start":{"line":40,"column":17},"end":{"line":40,"column":29}},"type":"cond-expr","locations":[{"start":{"line":40,"column":24},"end":{"line":40,"column":25}},{"start":{"line":40,"column":28},"end":{"line":40,"column":29}}],"line":40},"1":{"loc":{"start":{"line":41,"column":18},"end":{"line":41,"column":51}},"type":"cond-expr","locations":[{"start":{"line":41,"column":25},"end":{"line":41,"column":36}},{"start":{"line":41,"column":39},"end":{"line":41,"column":51}}],"line":41},"2":{"loc":{"start":{"line":55,"column":7},"end":{"line":61,"column":14}},"type":"cond-expr","locations":[{"start":{"line":56,"column":10},"end":{"line":60,"column":10}},{"start":{"line":61,"column":10},"end":{"line":61,"column":14}}],"line":55}},"s":{"0":4,"1":4,"2":4,"3":30,"4":30,"5":30,"6":30,"7":26,"8":30,"9":30,"10":30,"11":30,"12":4},"f":{"0":30,"1":30,"2":26},"b":{"0":[8,18],"1":[8,18],"2":[8,22]},"_coverageSchema":"1a1c01bbd47fc00a2c39e90264f33305004495a9","hash":"6142c0f71ea0adbbed29ab13559db647e7317fbf"}
,"/Users/matthew/Documents/University/Computer Science/Year 2/Experimental Systems Project/FutureProof Project/FutureProof/futureproof/packages/client/src/components/BusinessView.tsx": {"path":"/Users/matthew/Documents/University/Computer Science/Year 2/Experimental Systems Project/FutureProof Project/FutureProof/futureproof/packages/client/src/components/BusinessView.tsx","statementMap":{"0":{"start":{"line":12,"column":47},"end":{"line":20,"column":1}},"1":{"start":{"line":24,"column":54},"end":{"line":29,"column":1}},"2":{"start":{"line":31,"column":21},"end":{"line":58,"column":1}},"3":{"start":{"line":32,"column":2},"end":{"line":57,"column":3}},"4":{"start":{"line":53,"column":39},"end":{"line":53,"column":88}},"5":{"start":{"line":60,"column":22},"end":{"line":84,"column":2}}},"fnMap":{"0":{"name":"(anonymous_0)","decl":{"start":{"line":31,"column":21},"end":{"line":31,"column":22}},"loc":{"start":{"line":31,"column":27},"end":{"line":58,"column":1}},"line":31},"1":{"name":"(anonymous_1)","decl":{"start":{"line":53,"column":33},"end":{"line":53,"column":34}},"loc":{"start":{"line":53,"column":39},"end":{"line":53,"column":88}},"line":53}},"branchMap":{"0":{"loc":{"start":{"line":38,"column":28},"end":{"line":38,"column":104}},"type":"cond-expr","locations":[{"start":{"line":38,"column":69},"end":{"line":38,"column":71}},{"start":{"line":38,"column":74},"end":{"line":38,"column":104}}],"line":38}},"s":{"0":2,"1":2,"2":2,"3":2,"4":0,"5":2},"f":{"0":2,"1":0},"b":{"0":[0,2]},"_coverageSchema":"1a1c01bbd47fc00a2c39e90264f33305004495a9","hash":"d06a97acd80c87c8e720e46d6011aa6d59a2f2b9"}
,"/Users/matthew/Documents/University/Computer Science/Year 2/Experimental Systems Project/FutureProof Project/FutureProof/futureproof/packages/client/src/components/BusinessViewMap.tsx": {"path":"/Users/matthew/Documents/University/Computer Science/Year 2/Experimental Systems Project/FutureProof Project/FutureProof/futureproof/packages/client/src/components/BusinessViewMap.tsx","statementMap":{"0":{"start":{"line":6,"column":24},"end":{"line":21,"column":1}},"1":{"start":{"line":7,"column":2},"end":{"line":20,"column":9}},"2":{"start":{"line":23,"column":15},"end":{"line":37,"column":2}}},"fnMap":{"0":{"name":"(anonymous_0)","decl":{"start":{"line":6,"column":24},"end":{"line":6,"column":25}},"loc":{"start":{"line":7,"column":2},"end":{"line":20,"column":9}},"line":7}},"branchMap":{},"s":{"0":4,"1":4,"2":4},"f":{"0":4},"b":{},"_coverageSchema":"1a1c01bbd47fc00a2c39e90264f33305004495a9","hash":"c54074decd874349a7488dcd168356a90bf53988"}
,"/Users/matthew/Documents/University/Computer Science/Year 2/Experimental Systems Project/FutureProof Project/FutureProof/futureproof/packages/client/src/components/Button.tsx": {"path":"/Users/matthew/Documents/University/Computer Science/Year 2/Experimental Systems Project/FutureProof Project/FutureProof/futureproof/packages/client/src/components/Button.tsx","statementMap":{"0":{"start":{"line":22,"column":15},"end":{"line":34,"column":1}},"1":{"start":{"line":23,"column":22},"end":{"line":23,"column":83}},"2":{"start":{"line":24,"column":26},"end":{"line":24,"column":97}},"3":{"start":{"line":25,"column":2},"end":{"line":33,"column":3}},"4":{"start":{"line":27,"column":31},"end":{"line":27,"column":77}},"5":{"start":{"line":36,"column":15},"end":{"line":51,"column":2}}},"fnMap":{"0":{"name":"(anonymous_0)","decl":{"start":{"line":22,"column":15},"end":{"line":22,"column":16}},"loc":{"start":{"line":22,"column":73},"end":{"line":34,"column":1}},"line":22},"1":{"name":"(anonymous_1)","decl":{"start":{"line":27,"column":13},"end":{"line":27,"column":14}},"loc":{"start":{"line":27,"column":31},"end":{"line":27,"column":77}},"line":27}},"branchMap":{"0":{"loc":{"start":{"line":23,"column":22},"end":{"line":23,"column":83}},"type":"cond-expr","locations":[{"start":{"line":23,"column":62},"end":{"line":23,"column":67}},{"start":{"line":23,"column":70},"end":{"line":23,"column":83}}],"line":23},"1":{"loc":{"start":{"line":23,"column":22},"end":{"line":23,"column":59}},"type":"binary-expr","locations":[{"start":{"line":23,"column":22},"end":{"line":23,"column":36}},{"start":{"line":23,"column":40},"end":{"line":23,"column":59}}],"line":23},"2":{"loc":{"start":{"line":24,"column":26},"end":{"line":24,"column":97}},"type":"cond-expr","locations":[{"start":{"line":24,"column":74},"end":{"line":24,"column":83}},{"start":{"line":24,"column":86},"end":{"line":24,"column":97}}],"line":24},"3":{"loc":{"start":{"line":24,"column":26},"end":{"line":24,"column":71}},"type":"binary-expr","locations":[{"start":{"line":24,"column":26},"end":{"line":24,"column":44}},{"start":{"line":24,"column":48},"end":{"line":24,"column":71}}],"line":24},"4":{"loc":{"start":{"line":27,"column":42},"end":{"line":27,"column":59}},"type":"cond-expr","locations":[{"start":{"line":27,"column":52},"end":{"line":27,"column":55}},{"start":{"line":27,"column":58},"end":{"line":27,"column":59}}],"line":27}},"s":{"0":4,"1":32,"2":32,"3":32,"4":32,"5":4},"f":{"0":32,"1":32},"b":{"0":[2,30],"1":[32,32],"2":[2,30],"3":[32,32],"4":[0,32]},"_coverageSchema":"1a1c01bbd47fc00a2c39e90264f33305004495a9","hash":"06fe8299fa5d5e206597c88803cb274b231c90bf"}
,"/Users/matthew/Documents/University/Computer Science/Year 2/Experimental Systems Project/FutureProof Project/FutureProof/futureproof/packages/client/src/components/DescriptionView.tsx": {"path":"/Users/matthew/Documents/University/Computer Science/Year 2/Experimental Systems Project/FutureProof Project/FutureProof/futureproof/packages/client/src/components/DescriptionView.tsx","statementMap":{"0":{"start":{"line":7,"column":24},"end":{"line":28,"column":1}},"1":{"start":{"line":8,"column":2},"end":{"line":27,"column":9}},"2":{"start":{"line":30,"column":15},"end":{"line":56,"column":2}}},"fnMap":{"0":{"name":"(anonymous_0)","decl":{"start":{"line":7,"column":24},"end":{"line":7,"column":25}},"loc":{"start":{"line":8,"column":2},"end":{"line":27,"column":9}},"line":8}},"branchMap":{"0":{"loc":{"start":{"line":21,"column":11},"end":{"line":23,"column":25}},"type":"cond-expr","locations":[{"start":{"line":22,"column":14},"end":{"line":22,"column":41}},{"start":{"line":23,"column":14},"end":{"line":23,"column":25}}],"line":21}},"s":{"0":4,"1":6,"2":4},"f":{"0":6},"b":{"0":[2,4]},"_coverageSchema":"1a1c01bbd47fc00a2c39e90264f33305004495a9","hash":"98a10997d750627b4db6490c717de67a41cd42be"}
,"/Users/matthew/Documents/University/Computer Science/Year 2/Experimental Systems Project/FutureProof Project/FutureProof/futureproof/packages/client/src/components/ImagesCarousel.tsx": {"path":"/Users/matthew/Documents/University/Computer Science/Year 2/Experimental Systems Project/FutureProof Project/FutureProof/futureproof/packages/client/src/components/ImagesCarousel.tsx","statementMap":{"0":{"start":{"line":5,"column":15},"end":{"line":5,"column":199}},"1":{"start":{"line":6,"column":15},"end":{"line":6,"column":91}},"2":{"start":{"line":7,"column":15},"end":{"line":7,"column":218}},"3":{"start":{"line":8,"column":15},"end":{"line":8,"column":217}},"4":{"start":{"line":10,"column":15},"end":{"line":23,"column":1}},"5":{"start":{"line":25,"column":23},"end":{"line":89,"column":1}},"6":{"start":{"line":26,"column":37},"end":{"line":26,"column":52}},"7":{"start":{"line":27,"column":38},"end":{"line":27,"column":50}},"8":{"start":{"line":28,"column":48},"end":{"line":28,"column":59}},"9":{"start":{"line":30,"column":2},"end":{"line":88,"column":3}},"10":{"start":{"line":34,"column":90},"end":{"line":34,"column":134}},"11":{"start":{"line":45,"column":90},"end":{"line":45,"column":134}},"12":{"start":{"line":56,"column":90},"end":{"line":56,"column":134}},"13":{"start":{"line":67,"column":90},"end":{"line":67,"column":134}},"14":{"start":{"line":85,"column":30},"end":{"line":85,"column":52}},"15":{"start":{"line":90,"column":15},"end":{"line":143,"column":2}}},"fnMap":{"0":{"name":"(anonymous_0)","decl":{"start":{"line":25,"column":23},"end":{"line":25,"column":24}},"loc":{"start":{"line":25,"column":29},"end":{"line":89,"column":1}},"line":25},"1":{"name":"(anonymous_1)","decl":{"start":{"line":34,"column":83},"end":{"line":34,"column":84}},"loc":{"start":{"line":34,"column":89},"end":{"line":34,"column":135}},"line":34},"2":{"name":"(anonymous_2)","decl":{"start":{"line":45,"column":83},"end":{"line":45,"column":84}},"loc":{"start":{"line":45,"column":89},"end":{"line":45,"column":135}},"line":45},"3":{"name":"(anonymous_3)","decl":{"start":{"line":56,"column":83},"end":{"line":56,"column":84}},"loc":{"start":{"line":56,"column":89},"end":{"line":56,"column":135}},"line":56},"4":{"name":"(anonymous_4)","decl":{"start":{"line":67,"column":83},"end":{"line":67,"column":84}},"loc":{"start":{"line":67,"column":89},"end":{"line":67,"column":135}},"line":67},"5":{"name":"(anonymous_5)","decl":{"start":{"line":85,"column":24},"end":{"line":85,"column":25}},"loc":{"start":{"line":85,"column":30},"end":{"line":85,"column":52}},"line":85}},"branchMap":{},"s":{"0":4,"1":4,"2":4,"3":4,"4":4,"5":4,"6":4,"7":4,"8":4,"9":4,"10":0,"11":0,"12":0,"13":0,"14":0,"15":4},"f":{"0":4,"1":0,"2":0,"3":0,"4":0,"5":0},"b":{},"_coverageSchema":"1a1c01bbd47fc00a2c39e90264f33305004495a9","hash":"e6b06ee75c03706879b73aba7fe73a45139f8593"}
,"/Users/matthew/Documents/University/Computer Science/Year 2/Experimental Systems Project/FutureProof Project/FutureProof/futureproof/packages/client/src/components/MapView.tsx": {"path":"/Users/matthew/Documents/University/Computer Science/Year 2/Experimental Systems Project/FutureProof Project/FutureProof/futureproof/packages/client/src/components/MapView.tsx","statementMap":{"0":{"start":{"line":6,"column":16},"end":{"line":41,"column":1}},"1":{"start":{"line":7,"column":34},"end":{"line":7,"column":80}},"2":{"start":{"line":9,"column":2},"end":{"line":23,"column":8}},"3":{"start":{"line":10,"column":4},"end":{"line":22,"column":8}},"4":{"start":{"line":11,"column":6},"end":{"line":18,"column":7}},"5":{"start":{"line":12,"column":27},"end":{"line":12,"column":77}},"6":{"start":{"line":13,"column":8},"end":{"line":15,"column":9}},"7":{"start":{"line":14,"column":10},"end":{"line":14,"column":75}},"8":{"start":{"line":17,"column":8},"end":{"line":17,"column":65}},"9":{"start":{"line":20,"column":23},"end":{"line":20,"column":65}},"10":{"start":{"line":21,"column":6},"end":{"line":21,"column":27}},"11":{"start":{"line":25,"column":2},"end":{"line":40,"column":3}},"12":{"start":{"line":43,"column":15},"end":{"line":47,"column":2}}},"fnMap":{"0":{"name":"(anonymous_0)","decl":{"start":{"line":6,"column":16},"end":{"line":6,"column":17}},"loc":{"start":{"line":6,"column":22},"end":{"line":41,"column":1}},"line":6},"1":{"name":"(anonymous_1)","decl":{"start":{"line":9,"column":12},"end":{"line":9,"column":13}},"loc":{"start":{"line":9,"column":18},"end":{"line":23,"column":3}},"line":9},"2":{"name":"(anonymous_2)","decl":{"start":{"line":10,"column":5},"end":{"line":10,"column":6}},"loc":{"start":{"line":10,"column":17},"end":{"line":22,"column":5}},"line":10}},"branchMap":{"0":{"loc":{"start":{"line":13,"column":8},"end":{"line":15,"column":9}},"type":"if","locations":[{"start":{"line":13,"column":8},"end":{"line":15,"column":9}},{"start":{},"end":{}}],"line":13},"1":{"loc":{"start":{"line":30,"column":20},"end":{"line":30,"column":50}},"type":"binary-expr","locations":[{"start":{"line":30,"column":20},"end":{"line":30,"column":45}},{"start":{"line":30,"column":49},"end":{"line":30,"column":50}}],"line":30},"2":{"loc":{"start":{"line":31,"column":21},"end":{"line":31,"column":52}},"type":"binary-expr","locations":[{"start":{"line":31,"column":21},"end":{"line":31,"column":47}},{"start":{"line":31,"column":51},"end":{"line":31,"column":52}}],"line":31}},"s":{"0":2,"1":8,"2":8,"3":6,"4":6,"5":6,"6":4,"7":2,"8":2,"9":2,"10":2,"11":8,"12":2},"f":{"0":8,"1":6,"2":6},"b":{"0":[2,2],"1":[8,6],"2":[8,6]},"_coverageSchema":"1a1c01bbd47fc00a2c39e90264f33305004495a9","hash":"0599db55432bb65e0b18fd64bc7c30681271a3ff"}
,"/Users/matthew/Documents/University/Computer Science/Year 2/Experimental Systems Project/FutureProof Project/FutureProof/futureproof/packages/client/src/components/RatingView.tsx": {"path":"/Users/matthew/Documents/University/Computer Science/Year 2/Experimental Systems Project/FutureProof Project/FutureProof/futureproof/packages/client/src/components/RatingView.tsx","statementMap":{"0":{"start":{"line":11,"column":19},"end":{"line":18,"column":1}},"1":{"start":{"line":12,"column":2},"end":{"line":17,"column":9}},"2":{"start":{"line":20,"column":15},"end":{"line":33,"column":2}}},"fnMap":{"0":{"name":"(anonymous_0)","decl":{"start":{"line":11,"column":19},"end":{"line":11,"column":20}},"loc":{"start":{"line":12,"column":2},"end":{"line":17,"column":9}},"line":12}},"branchMap":{"0":{"loc":{"start":{"line":11,"column":34},"end":{"line":11,"column":49}},"type":"default-arg","locations":[{"start":{"line":11,"column":48},"end":{"line":11,"column":49}}],"line":11},"1":{"loc":{"start":{"line":14,"column":105},"end":{"line":14,"column":142}},"type":"cond-expr","locations":[{"start":{"line":14,"column":127},"end":{"line":14,"column":128}},{"start":{"line":14,"column":131},"end":{"line":14,"column":142}}],"line":14}},"s":{"0":6,"1":10,"2":6},"f":{"0":10},"b":{"0":[0],"1":[0,10]},"_coverageSchema":"1a1c01bbd47fc00a2c39e90264f33305004495a9","hash":"d5e95178a6cf3259d6034feab140984a1cfbb7f9"}
,"/Users/matthew/Documents/University/Computer Science/Year 2/Experimental Systems Project/FutureProof Project/FutureProof/futureproof/packages/client/src/components/RatingsView.tsx": {"path":"/Users/matthew/Documents/University/Computer Science/Year 2/Experimental Systems Project/FutureProof Project/FutureProof/futureproof/packages/client/src/components/RatingsView.tsx","statementMap":{"0":{"start":{"line":8,"column":20},"end":{"line":16,"column":1}},"1":{"start":{"line":9,"column":2},"end":{"line":15,"column":9}},"2":{"start":{"line":18,"column":15},"end":{"line":33,"column":2}}},"fnMap":{"0":{"name":"(anonymous_0)","decl":{"start":{"line":8,"column":20},"end":{"line":8,"column":21}},"loc":{"start":{"line":9,"column":2},"end":{"line":15,"column":9}},"line":9}},"branchMap":{},"s":{"0":4,"1":4,"2":4},"f":{"0":4},"b":{},"_coverageSchema":"1a1c01bbd47fc00a2c39e90264f33305004495a9","hash":"922e2c9495ffb3165bcb34e9340a5e650676863a"}
,"/Users/matthew/Documents/University/Computer Science/Year 2/Experimental Systems Project/FutureProof Project/FutureProof/futureproof/packages/client/src/components/SearchBarView.tsx": {"path":"/Users/matthew/Documents/University/Computer Science/Year 2/Experimental Systems Project/FutureProof Project/FutureProof/futureproof/packages/client/src/components/SearchBarView.tsx","statementMap":{"0":{"start":{"line":7,"column":26},"end":{"line":16,"column":1}},"1":{"start":{"line":18,"column":22},"end":{"line":61,"column":1}},"2":{"start":{"line":19,"column":37},"end":{"line":19,"column":49}},"3":{"start":{"line":21,"column":37},"end":{"line":23,"column":3}},"4":{"start":{"line":25,"column":2},"end":{"line":33,"column":18}},"5":{"start":{"line":27,"column":28},"end":{"line":31,"column":11}},"6":{"start":{"line":28,"column":6},"end":{"line":30,"column":68}},"7":{"start":{"line":30,"column":22},"end":{"line":30,"column":39}},"8":{"start":{"line":30,"column":47},"end":{"line":30,"column":67}},"9":{"start":{"line":32,"column":4},"end":{"line":32,"column":46}},"10":{"start":{"line":32,"column":17},"end":{"line":32,"column":46}},"11":{"start":{"line":35,"column":2},"end":{"line":60,"column":3}},"12":{"start":{"line":41,"column":32},"end":{"line":41,"column":50}},"13":{"start":{"line":53,"column":27},"end":{"line":53,"column":60}},"14":{"start":{"line":63,"column":15},"end":{"line":82,"column":2}}},"fnMap":{"0":{"name":"(anonymous_0)","decl":{"start":{"line":18,"column":22},"end":{"line":18,"column":23}},"loc":{"start":{"line":18,"column":28},"end":{"line":61,"column":1}},"line":18},"1":{"name":"(anonymous_1)","decl":{"start":{"line":25,"column":12},"end":{"line":25,"column":13}},"loc":{"start":{"line":25,"column":18},"end":{"line":33,"column":3}},"line":25},"2":{"name":"(anonymous_2)","decl":{"start":{"line":27,"column":39},"end":{"line":27,"column":40}},"loc":{"start":{"line":27,"column":45},"end":{"line":31,"column":5}},"line":27},"3":{"name":"(anonymous_3)","decl":{"start":{"line":30,"column":14},"end":{"line":30,"column":15}},"loc":{"start":{"line":30,"column":22},"end":{"line":30,"column":39}},"line":30},"4":{"name":"(anonymous_4)","decl":{"start":{"line":30,"column":41},"end":{"line":30,"column":42}},"loc":{"start":{"line":30,"column":47},"end":{"line":30,"column":67}},"line":30},"5":{"name":"(anonymous_5)","decl":{"start":{"line":32,"column":11},"end":{"line":32,"column":12}},"loc":{"start":{"line":32,"column":17},"end":{"line":32,"column":46}},"line":32},"6":{"name":"(anonymous_6)","decl":{"start":{"line":41,"column":24},"end":{"line":41,"column":25}},"loc":{"start":{"line":41,"column":32},"end":{"line":41,"column":50}},"line":41},"7":{"name":"(anonymous_7)","decl":{"start":{"line":53,"column":21},"end":{"line":53,"column":22}},"loc":{"start":{"line":53,"column":27},"end":{"line":53,"column":60}},"line":53}},"branchMap":{},"s":{"0":2,"1":2,"2":2,"3":2,"4":2,"5":2,"6":0,"7":0,"8":0,"9":2,"10":2,"11":2,"12":0,"13":0,"14":2},"f":{"0":2,"1":2,"2":0,"3":0,"4":0,"5":2,"6":0,"7":0},"b":{},"_coverageSchema":"1a1c01bbd47fc00a2c39e90264f33305004495a9","hash":"424143f215b2bef5ba8a7e2c215eccd2a395dd6c"}
,"/Users/matthew/Documents/University/Computer Science/Year 2/Experimental Systems Project/FutureProof Project/FutureProof/futureproof/packages/client/src/components/SearchResultSorter.tsx": {"path":"/Users/matthew/Documents/University/Computer Science/Year 2/Experimental Systems Project/FutureProof Project/FutureProof/futureproof/packages/client/src/components/SearchResultSorter.tsx","statementMap":{"0":{"start":{"line":11,"column":29},"end":{"line":11,"column":30}},"1":{"start":{"line":12,"column":39},"end":{"line":19,"column":1}},"2":{"start":{"line":37,"column":27},"end":{"line":79,"column":1}},"3":{"start":{"line":38,"column":38},"end":{"line":38,"column":90}},"4":{"start":{"line":39,"column":48},"end":{"line":39,"column":63}},"5":{"start":{"line":41,"column":2},"end":{"line":78,"column":3}},"6":{"start":{"line":44,"column":43},"end":{"line":44,"column":67}},"7":{"start":{"line":57,"column":28},"end":{"line":57,"column":53}},"8":{"start":{"line":65,"column":14},"end":{"line":65,"column":35}},"9":{"start":{"line":70,"column":14},"end":{"line":70,"column":38}},"10":{"start":{"line":71,"column":14},"end":{"line":71,"column":39}},"11":{"start":{"line":81,"column":15},"end":{"line":97,"column":2}}},"fnMap":{"0":{"name":"(anonymous_0)","decl":{"start":{"line":37,"column":27},"end":{"line":37,"column":28}},"loc":{"start":{"line":37,"column":82},"end":{"line":79,"column":1}},"line":37},"1":{"name":"(anonymous_1)","decl":{"start":{"line":44,"column":37},"end":{"line":44,"column":38}},"loc":{"start":{"line":44,"column":43},"end":{"line":44,"column":67}},"line":44},"2":{"name":"(anonymous_2)","decl":{"start":{"line":57,"column":22},"end":{"line":57,"column":23}},"loc":{"start":{"line":57,"column":28},"end":{"line":57,"column":53}},"line":57},"3":{"name":"(anonymous_3)","decl":{"start":{"line":64,"column":22},"end":{"line":64,"column":23}},"loc":{"start":{"line":65,"column":14},"end":{"line":65,"column":35}},"line":65},"4":{"name":"(anonymous_4)","decl":{"start":{"line":69,"column":21},"end":{"line":69,"column":22}},"loc":{"start":{"line":69,"column":27},"end":{"line":72,"column":13}},"line":69}},"branchMap":{"0":{"loc":{"start":{"line":87,"column":18},"end":{"line":87,"column":52}},"type":"cond-expr","locations":[{"start":{"line":87,"column":46},"end":{"line":87,"column":48}},{"start":{"line":87,"column":51},"end":{"line":87,"column":52}}],"line":87}},"s":{"0":2,"1":2,"2":2,"3":26,"4":26,"5":26,"6":4,"7":2,"8":4,"9":2,"10":2,"11":2},"f":{"0":26,"1":4,"2":2,"3":4,"4":2},"b":{"0":[1,1]},"_coverageSchema":"1a1c01bbd47fc00a2c39e90264f33305004495a9","hash":"55422f197d9d870e0907f2e6cc393e8da0d8a604"}
,"/Users/matthew/Documents/University/Computer Science/Year 2/Experimental Systems Project/FutureProof Project/FutureProof/futureproof/packages/client/src/components/SearchView.tsx": {"path":"/Users/matthew/Documents/University/Computer Science/Year 2/Experimental Systems Project/FutureProof Project/FutureProof/futureproof/packages/client/src/components/SearchView.tsx","statementMap":{"0":{"start":{"line":6,"column":53},"end":{"line":16,"column":1}},"1":{"start":{"line":18,"column":19},"end":{"line":38,"column":1}},"2":{"start":{"line":19,"column":38},"end":{"line":19,"column":52}},"3":{"start":{"line":21,"column":27},"end":{"line":28,"column":3}},"4":{"start":{"line":22,"column":4},"end":{"line":27,"column":6}},"5":{"start":{"line":29,"column":2},"end":{"line":37,"column":3}},"6":{"start":{"line":34,"column":32},"end":{"line":34,"column":39}},"7":{"start":{"line":40,"column":15},"end":{"line":45,"column":2}}},"fnMap":{"0":{"name":"(anonymous_0)","decl":{"start":{"line":18,"column":19},"end":{"line":18,"column":20}},"loc":{"start":{"line":18,"column":25},"end":{"line":38,"column":1}},"line":18},"1":{"name":"(anonymous_1)","decl":{"start":{"line":21,"column":27},"end":{"line":21,"column":28}},"loc":{"start":{"line":22,"column":4},"end":{"line":27,"column":6}},"line":22},"2":{"name":"(anonymous_2)","decl":{"start":{"line":24,"column":16},"end":{"line":24,"column":17}},"loc":{"start":{"line":24,"column":22},"end":{"line":26,"column":7}},"line":24},"3":{"name":"(anonymous_3)","decl":{"start":{"line":34,"column":22},"end":{"line":34,"column":23}},"loc":{"start":{"line":34,"column":32},"end":{"line":34,"column":39}},"line":34}},"branchMap":{},"s":{"0":2,"1":2,"2":2,"3":2,"4":2,"5":2,"6":2,"7":2},"f":{"0":2,"1":2,"2":0,"3":2},"b":{},"_coverageSchema":"1a1c01bbd47fc00a2c39e90264f33305004495a9","hash":"adad15cd5873e9e3c88e1bac6811adf6f0f3b805"}
,"/Users/matthew/Documents/University/Computer Science/Year 2/Experimental Systems Project/FutureProof Project/FutureProof/futureproof/packages/client/src/components/SortOptions.tsx": {"path":"/Users/matthew/Documents/University/Computer Science/Year 2/Experimental Systems Project/FutureProof Project/FutureProof/futureproof/packages/client/src/components/SortOptions.tsx","statementMap":{"0":{"start":{"line":22,"column":20},"end":{"line":64,"column":1}},"1":{"start":{"line":23,"column":22},"end":{"line":23,"column":26}},"2":{"start":{"line":25,"column":2},"end":{"line":27,"column":3}},"3":{"start":{"line":26,"column":4},"end":{"line":26,"column":88}},"4":{"start":{"line":29,"column":38},"end":{"line":29,"column":76}},"5":{"start":{"line":31,"column":29},"end":{"line":34,"column":3}},"6":{"start":{"line":32,"column":4},"end":{"line":32,"column":20}},"7":{"start":{"line":33,"column":4},"end":{"line":33,"column":25}},"8":{"start":{"line":36,"column":2},"end":{"line":63,"column":3}},"9":{"start":{"line":39,"column":8},"end":{"line":60,"column":9}},"10":{"start":{"line":42,"column":37},"end":{"line":47,"column":13}},"11":{"start":{"line":48,"column":28},"end":{"line":48,"column":54}},"12":{"start":{"line":66,"column":15},"end":{"line":96,"column":2}}},"fnMap":{"0":{"name":"(anonymous_0)","decl":{"start":{"line":22,"column":20},"end":{"line":22,"column":21}},"loc":{"start":{"line":22,"column":73},"end":{"line":64,"column":1}},"line":22},"1":{"name":"(anonymous_1)","decl":{"start":{"line":31,"column":29},"end":{"line":31,"column":30}},"loc":{"start":{"line":31,"column":50},"end":{"line":34,"column":3}},"line":31},"2":{"name":"(anonymous_2)","decl":{"start":{"line":38,"column":19},"end":{"line":38,"column":20}},"loc":{"start":{"line":38,"column":31},"end":{"line":61,"column":7}},"line":38},"3":{"name":"(anonymous_3)","decl":{"start":{"line":42,"column":19},"end":{"line":42,"column":20}},"loc":{"start":{"line":42,"column":37},"end":{"line":47,"column":13}},"line":42},"4":{"name":"(anonymous_4)","decl":{"start":{"line":48,"column":22},"end":{"line":48,"column":23}},"loc":{"start":{"line":48,"column":28},"end":{"line":48,"column":54}},"line":48}},"branchMap":{"0":{"loc":{"start":{"line":25,"column":2},"end":{"line":27,"column":3}},"type":"if","locations":[{"start":{"line":25,"column":2},"end":{"line":27,"column":3}},{"start":{},"end":{}}],"line":25},"1":{"loc":{"start":{"line":25,"column":6},"end":{"line":25,"column":48}},"type":"binary-expr","locations":[{"start":{"line":25,"column":6},"end":{"line":25,"column":27}},{"start":{"line":25,"column":32},"end":{"line":25,"column":48}}],"line":25},"2":{"loc":{"start":{"line":26,"column":20},"end":{"line":26,"column":88}},"type":"cond-expr","locations":[{"start":{"line":26,"column":65},"end":{"line":26,"column":81}},{"start":{"line":26,"column":84},"end":{"line":26,"column":88}}],"line":26},"3":{"loc":{"start":{"line":26,"column":21},"end":{"line":26,"column":61}},"type":"binary-expr","locations":[{"start":{"line":26,"column":21},"end":{"line":26,"column":33}},{"start":{"line":26,"column":37},"end":{"line":26,"column":61}}],"line":26},"4":{"loc":{"start":{"line":43,"column":31},"end":{"line":43,"column":62}},"type":"cond-expr","locations":[{"start":{"line":43,"column":41},"end":{"line":43,"column":50}},{"start":{"line":43,"column":53},"end":{"line":43,"column":62}}],"line":43},"5":{"loc":{"start":{"line":44,"column":23},"end":{"line":44,"column":40}},"type":"cond-expr","locations":[{"start":{"line":44,"column":33},"end":{"line":44,"column":36}},{"start":{"line":44,"column":39},"end":{"line":44,"column":40}}],"line":44},"6":{"loc":{"start":{"line":45,"column":17},"end":{"line":45,"column":90}},"type":"cond-expr","locations":[{"start":{"line":45,"column":41},"end":{"line":45,"column":63}},{"start":{"line":45,"column":66},"end":{"line":45,"column":90}}],"line":45},"7":{"loc":{"start":{"line":54,"column":16},"end":{"line":54,"column":85}},"type":"cond-expr","locations":[{"start":{"line":54,"column":40},"end":{"line":54,"column":60}},{"start":{"line":54,"column":63},"end":{"line":54,"column":85}}],"line":54}},"s":{"0":4,"1":34,"2":34,"3":30,"4":34,"5":34,"6":6,"7":6,"8":34,"9":164,"10":164,"11":6,"12":4},"f":{"0":34,"1":6,"2":164,"3":164,"4":6},"b":{"0":[30,4],"1":[34,32],"2":[28,2],"3":[30,28],"4":[0,164],"5":[0,164],"6":[28,136],"7":[28,136]},"_coverageSchema":"1a1c01bbd47fc00a2c39e90264f33305004495a9","hash":"597d4f1b3c8df999ef9a696ef28634fd3f2ffd91"}
,"/Users/matthew/Documents/University/Computer Science/Year 2/Experimental Systems Project/FutureProof Project/FutureProof/futureproof/packages/client/src/components/TitleView.tsx": {"path":"/Users/matthew/Documents/University/Computer Science/Year 2/Experimental Systems Project/FutureProof Project/FutureProof/futureproof/packages/client/src/components/TitleView.tsx","statementMap":{"0":{"start":{"line":7,"column":18},"end":{"line":13,"column":1}},"1":{"start":{"line":8,"column":2},"end":{"line":12,"column":9}},"2":{"start":{"line":15,"column":22},"end":{"line":34,"column":2}}},"fnMap":{"0":{"name":"(anonymous_0)","decl":{"start":{"line":7,"column":18},"end":{"line":7,"column":19}},"loc":{"start":{"line":8,"column":2},"end":{"line":12,"column":9}},"line":8}},"branchMap":{"0":{"loc":{"start":{"line":9,"column":5},"end":{"line":9,"column":151}},"type":"cond-expr","locations":[{"start":{"line":9,"column":22},"end":{"line":9,"column":144}},{"start":{"line":9,"column":147},"end":{"line":9,"column":151}}],"line":9}},"s":{"0":4,"1":6,"2":4},"f":{"0":6},"b":{"0":[4,2]},"_coverageSchema":"1a1c01bbd47fc00a2c39e90264f33305004495a9","hash":"51fe7e1004af55b3ec9b2c3b2e5b395252ab64c2"}
,"/Users/matthew/Documents/University/Computer Science/Year 2/Experimental Systems Project/FutureProof Project/FutureProof/futureproof/packages/client/src/components/ratings/CertificateLabel.tsx": {"path":"/Users/matthew/Documents/University/Computer Science/Year 2/Experimental Systems Project/FutureProof Project/FutureProof/futureproof/packages/client/src/components/ratings/CertificateLabel.tsx","statementMap":{"0":{"start":{"line":4,"column":32},"end":{"line":4,"column":41}},"1":{"start":{"line":5,"column":33},"end":{"line":5,"column":40}},"2":{"start":{"line":7,"column":25},"end":{"line":21,"column":1}},"3":{"start":{"line":8,"column":2},"end":{"line":20,"column":3}},"4":{"start":{"line":23,"column":22},"end":{"line":36,"column":2}}},"fnMap":{"0":{"name":"(anonymous_0)","decl":{"start":{"line":7,"column":25},"end":{"line":7,"column":26}},"loc":{"start":{"line":7,"column":123},"end":{"line":21,"column":1}},"line":7}},"branchMap":{"0":{"loc":{"start":{"line":11,"column":84},"end":{"line":11,"column":151}},"type":"cond-expr","locations":[{"start":{"line":11,"column":101},"end":{"line":11,"column":124}},{"start":{"line":11,"column":127},"end":{"line":11,"column":151}}],"line":11}},"s":{"0":6,"1":6,"2":6,"3":20,"4":6},"f":{"0":20},"b":{"0":[14,6]},"_coverageSchema":"1a1c01bbd47fc00a2c39e90264f33305004495a9","hash":"5b69419b7577054cb8a9caecdd8551dd356a9001"}
,"/Users/matthew/Documents/University/Computer Science/Year 2/Experimental Systems Project/FutureProof Project/FutureProof/futureproof/packages/client/src/components/ratings/CertificatesList.tsx": {"path":"/Users/matthew/Documents/University/Computer Science/Year 2/Experimental Systems Project/FutureProof Project/FutureProof/futureproof/packages/client/src/components/ratings/CertificatesList.tsx","statementMap":{"0":{"start":{"line":5,"column":25},"end":{"line":19,"column":1}},"1":{"start":{"line":6,"column":2},"end":{"line":18,"column":3}},"2":{"start":{"line":21,"column":22},"end":{"line":28,"column":2}}},"fnMap":{"0":{"name":"(anonymous_0)","decl":{"start":{"line":5,"column":25},"end":{"line":5,"column":26}},"loc":{"start":{"line":5,"column":31},"end":{"line":19,"column":1}},"line":5}},"branchMap":{},"s":{"0":4,"1":4,"2":4},"f":{"0":4},"b":{},"_coverageSchema":"1a1c01bbd47fc00a2c39e90264f33305004495a9","hash":"a25354b6aa3800b13f18aaacf0f21bdd1bee5124"}
,"/Users/matthew/Documents/University/Computer Science/Year 2/Experimental Systems Project/FutureProof Project/FutureProof/futureproof/packages/client/src/components/ratings/CircularRatingIndicator.tsx": {"path":"/Users/matthew/Documents/University/Computer Science/Year 2/Experimental Systems Project/FutureProof Project/FutureProof/futureproof/packages/client/src/components/ratings/CircularRatingIndicator.tsx","statementMap":{"0":{"start":{"line":6,"column":36},"end":{"line":6,"column":45}},"1":{"start":{"line":8,"column":32},"end":{"line":46,"column":1}},"2":{"start":{"line":9,"column":2},"end":{"line":45,"column":3}},"3":{"start":{"line":48,"column":22},"end":{"line":67,"column":2}}},"fnMap":{"0":{"name":"(anonymous_0)","decl":{"start":{"line":8,"column":32},"end":{"line":8,"column":33}},"loc":{"start":{"line":8,"column":234},"end":{"line":46,"column":1}},"line":8}},"branchMap":{},"s":{"0":10,"1":10,"2":26,"3":10},"f":{"0":26},"b":{},"_coverageSchema":"1a1c01bbd47fc00a2c39e90264f33305004495a9","hash":"56c9b5390b9167ef9ec55ce65cc8ffe99d6d9643"}
,"/Users/matthew/Documents/University/Computer Science/Year 2/Experimental Systems Project/FutureProof Project/FutureProof/futureproof/packages/client/src/components/ratings/FutureProofRatingView.tsx": {"path":"/Users/matthew/Documents/University/Computer Science/Year 2/Experimental Systems Project/FutureProof Project/FutureProof/futureproof/packages/client/src/components/ratings/FutureProofRatingView.tsx","statementMap":{"0":{"start":{"line":12,"column":58},"end":{"line":14,"column":1}},"1":{"start":{"line":16,"column":30},"end":{"line":43,"column":1}},"2":{"start":{"line":17,"column":2},"end":{"line":42,"column":3}},"3":{"start":{"line":45,"column":22},"end":{"line":62,"column":2}}},"fnMap":{"0":{"name":"(anonymous_0)","decl":{"start":{"line":16,"column":30},"end":{"line":16,"column":31}},"loc":{"start":{"line":16,"column":36},"end":{"line":43,"column":1}},"line":16}},"branchMap":{"0":{"loc":{"start":{"line":21,"column":109},"end":{"line":21,"column":155}},"type":"binary-expr","locations":[{"start":{"line":21,"column":109},"end":{"line":21,"column":150}},{"start":{"line":21,"column":154},"end":{"line":21,"column":155}}],"line":21}},"s":{"0":2,"1":2,"2":2,"3":2},"f":{"0":2},"b":{"0":[2,0]},"_coverageSchema":"1a1c01bbd47fc00a2c39e90264f33305004495a9","hash":"daedfaf6243bfe15ac4dd2c51995dd937d130824"}
,"/Users/matthew/Documents/University/Computer Science/Year 2/Experimental Systems Project/FutureProof Project/FutureProof/futureproof/packages/client/src/components/ratings/RectangularRatingIndicator.tsx": {"path":"/Users/matthew/Documents/University/Computer Science/Year 2/Experimental Systems Project/FutureProof Project/FutureProof/futureproof/packages/client/src/components/ratings/RectangularRatingIndicator.tsx","statementMap":{"0":{"start":{"line":6,"column":35},"end":{"line":6,"column":44}},"1":{"start":{"line":8,"column":35},"end":{"line":18,"column":1}},"2":{"start":{"line":9,"column":2},"end":{"line":17,"column":3}},"3":{"start":{"line":20,"column":22},"end":{"line":35,"column":2}}},"fnMap":{"0":{"name":"(anonymous_0)","decl":{"start":{"line":8,"column":35},"end":{"line":8,"column":36}},"loc":{"start":{"line":8,"column":120},"end":{"line":18,"column":1}},"line":8}},"branchMap":{},"s":{"0":4,"1":4,"2":18,"3":4},"f":{"0":18},"b":{},"_coverageSchema":"1a1c01bbd47fc00a2c39e90264f33305004495a9","hash":"39c920936b6c4488b40ac10870ce79d84b64fec5"}
,"/Users/matthew/Documents/University/Computer Science/Year 2/Experimental Systems Project/FutureProof Project/FutureProof/futureproof/packages/client/src/components/search/BusinessLogo.tsx": {"path":"/Users/matthew/Documents/University/Computer Science/Year 2/Experimental Systems Project/FutureProof Project/FutureProof/futureproof/packages/client/src/components/search/BusinessLogo.tsx","statementMap":{"0":{"start":{"line":5,"column":36},"end":{"line":5,"column":62}},"1":{"start":{"line":9,"column":21},"end":{"line":18,"column":1}},"2":{"start":{"line":10,"column":2},"end":{"line":17,"column":9}},"3":{"start":{"line":20,"column":15},"end":{"line":28,"column":2}}},"fnMap":{"0":{"name":"(anonymous_0)","decl":{"start":{"line":9,"column":21},"end":{"line":9,"column":22}},"loc":{"start":{"line":10,"column":2},"end":{"line":17,"column":9}},"line":10}},"branchMap":{"0":{"loc":{"start":{"line":9,"column":24},"end":{"line":9,"column":45}},"type":"default-arg","locations":[{"start":{"line":9,"column":41},"end":{"line":9,"column":45}}],"line":9},"1":{"loc":{"start":{"line":12,"column":14},"end":{"line":12,"column":95}},"type":"cond-expr","locations":[{"start":{"line":12,"column":40},"end":{"line":12,"column":63}},{"start":{"line":12,"column":66},"end":{"line":12,"column":95}}],"line":12}},"s":{"0":6,"1":6,"2":10,"3":6},"f":{"0":10},"b":{"0":[2],"1":[6,4]},"_coverageSchema":"1a1c01bbd47fc00a2c39e90264f33305004495a9","hash":"c79f1e4fc42d5ca9bed644f0516dd54751471456"}
,"/Users/matthew/Documents/University/Computer Science/Year 2/Experimental Systems Project/FutureProof Project/FutureProof/futureproof/packages/client/src/components/search/RatingCapsule.tsx": {"path":"/Users/matthew/Documents/University/Computer Science/Year 2/Experimental Systems Project/FutureProof Project/FutureProof/futureproof/packages/client/src/components/search/RatingCapsule.tsx","statementMap":{"0":{"start":{"line":5,"column":30},"end":{"line":13,"column":1}},"1":{"start":{"line":6,"column":2},"end":{"line":6,"column":100}},"2":{"start":{"line":6,"column":44},"end":{"line":6,"column":100}},"3":{"start":{"line":8,"column":2},"end":{"line":12,"column":44}},"4":{"start":{"line":8,"column":30},"end":{"line":8,"column":46}},"5":{"start":{"line":9,"column":7},"end":{"line":12,"column":44}},"6":{"start":{"line":9,"column":30},"end":{"line":9,"column":46}},"7":{"start":{"line":10,"column":7},"end":{"line":12,"column":44}},"8":{"start":{"line":10,"column":30},"end":{"line":10,"column":46}},"9":{"start":{"line":11,"column":7},"end":{"line":12,"column":44}},"10":{"start":{"line":11,"column":30},"end":{"line":11,"column":46}},"11":{"start":{"line":12,"column":30},"end":{"line":12,"column":44}},"12":{"start":{"line":15,"column":28},"end":{"line":23,"column":1}},"13":{"start":{"line":16,"column":2},"end":{"line":16,"column":100}},"14":{"start":{"line":16,"column":44},"end":{"line":16,"column":100}},"15":{"start":{"line":18,"column":2},"end":{"line":22,"column":44}},"16":{"start":{"line":18,"column":30},"end":{"line":18,"column":44}},"17":{"start":{"line":19,"column":7},"end":{"line":22,"column":44}},"18":{"start":{"line":19,"column":30},"end":{"line":19,"column":43}},"19":{"start":{"line":20,"column":7},"end":{"line":22,"column":44}},"20":{"start":{"line":20,"column":30},"end":{"line":20,"column":43}},"21":{"start":{"line":21,"column":7},"end":{"line":22,"column":44}},"22":{"start":{"line":21,"column":30},"end":{"line":21,"column":42}},"23":{"start":{"line":22,"column":30},"end":{"line":22,"column":44}},"24":{"start":{"line":25,"column":30},"end":{"line":25,"column":32}},"25":{"start":{"line":31,"column":22},"end":{"line":46,"column":1}},"26":{"start":{"line":32,"column":2},"end":{"line":45,"column":9}},"27":{"start":{"line":48,"column":15},"end":{"line":59,"column":2}}},"fnMap":{"0":{"name":"(anonymous_0)","decl":{"start":{"line":5,"column":30},"end":{"line":5,"column":31}},"loc":{"start":{"line":5,"column":65},"end":{"line":13,"column":1}},"line":5},"1":{"name":"(anonymous_1)","decl":{"start":{"line":15,"column":28},"end":{"line":15,"column":29}},"loc":{"start":{"line":15,"column":63},"end":{"line":23,"column":1}},"line":15},"2":{"name":"(anonymous_2)","decl":{"start":{"line":31,"column":22},"end":{"line":31,"column":23}},"loc":{"start":{"line":32,"column":2},"end":{"line":45,"column":9}},"line":32}},"branchMap":{"0":{"loc":{"start":{"line":6,"column":2},"end":{"line":6,"column":100}},"type":"if","locations":[{"start":{"line":6,"column":2},"end":{"line":6,"column":100}},{"start":{},"end":{}}],"line":6},"1":{"loc":{"start":{"line":6,"column":6},"end":{"line":6,"column":42}},"type":"binary-expr","locations":[{"start":{"line":6,"column":6},"end":{"line":6,"column":21}},{"start":{"line":6,"column":25},"end":{"line":6,"column":42}}],"line":6},"2":{"loc":{"start":{"line":8,"column":2},"end":{"line":12,"column":44}},"type":"if","locations":[{"start":{"line":8,"column":2},"end":{"line":12,"column":44}},{"start":{"line":9,"column":7},"end":{"line":12,"column":44}}],"line":8},"3":{"loc":{"start":{"line":9,"column":7},"end":{"line":12,"column":44}},"type":"if","locations":[{"start":{"line":9,"column":7},"end":{"line":12,"column":44}},{"start":{"line":10,"column":7},"end":{"line":12,"column":44}}],"line":9},"4":{"loc":{"start":{"line":10,"column":7},"end":{"line":12,"column":44}},"type":"if","locations":[{"start":{"line":10,"column":7},"end":{"line":12,"column":44}},{"start":{"line":11,"column":7},"end":{"line":12,"column":44}}],"line":10},"5":{"loc":{"start":{"line":11,"column":7},"end":{"line":12,"column":44}},"type":"if","locations":[{"start":{"line":11,"column":7},"end":{"line":12,"column":44}},{"start":{"line":12,"column":30},"end":{"line":12,"column":44}}],"line":11},"6":{"loc":{"start":{"line":16,"column":2},"end":{"line":16,"column":100}},"type":"if","locations":[{"start":{"line":16,"column":2},"end":{"line":16,"column":100}},{"start":{},"end":{}}],"line":16},"7":{"loc":{"start":{"line":16,"column":6},"end":{"line":16,"column":42}},"type":"binary-expr","locations":[{"start":{"line":16,"column":6},"end":{"line":16,"column":21}},{"start":{"line":16,"column":25},"end":{"line":16,"column":42}}],"line":16},"8":{"loc":{"start":{"line":18,"column":2},"end":{"line":22,"column":44}},"type":"if","locations":[{"start":{"line":18,"column":2},"end":{"line":22,"column":44}},{"start":{"line":19,"column":7},"end":{"line":22,"column":44}}],"line":18},"9":{"loc":{"start":{"line":19,"column":7},"end":{"line":22,"column":44}},"type":"if","locations":[{"start":{"line":19,"column":7},"end":{"line":22,"column":44}},{"start":{"line":20,"column":7},"end":{"line":22,"column":44}}],"line":19},"10":{"loc":{"start":{"line":20,"column":7},"end":{"line":22,"column":44}},"type":"if","locations":[{"start":{"line":20,"column":7},"end":{"line":22,"column":44}},{"start":{"line":21,"column":7},"end":{"line":22,"column":44}}],"line":20},"11":{"loc":{"start":{"line":21,"column":7},"end":{"line":22,"column":44}},"type":"if","locations":[{"start":{"line":21,"column":7},"end":{"line":22,"column":44}},{"start":{"line":22,"column":30},"end":{"line":22,"column":44}}],"line":21},"12":{"loc":{"start":{"line":31,"column":25},"end":{"line":31,"column":40}},"type":"default-arg","locations":[{"start":{"line":31,"column":39},"end":{"line":31,"column":40}}],"line":31},"13":{"loc":{"start":{"line":35,"column":38},"end":{"line":35,"column":76}},"type":"cond-expr","locations":[{"start":{"line":35,"column":61},"end":{"line":35,"column":62}},{"start":{"line":35,"column":65},"end":{"line":35,"column":76}}],"line":35},"14":{"loc":{"start":{"line":43,"column":20},"end":{"line":43,"column":58}},"type":"cond-expr","locations":[{"start":{"line":43,"column":43},"end":{"line":43,"column":44}},{"start":{"line":43,"column":47},"end":{"line":43,"column":58}}],"line":43}},"s":{"0":20,"1":146,"2":16,"3":130,"4":52,"5":78,"6":32,"7":46,"8":28,"9":18,"10":6,"11":12,"12":20,"13":54,"14":4,"15":50,"16":8,"17":42,"18":12,"19":30,"20":14,"21":16,"22":6,"23":10,"24":20,"25":20,"26":34,"27":20},"f":{"0":146,"1":54,"2":34},"b":{"0":[16,130],"1":[146,138],"2":[52,78],"3":[32,46],"4":[28,18],"5":[6,12],"6":[4,50],"7":[54,52],"8":[8,42],"9":[12,30],"10":[14,16],"11":[6,10],"12":[2],"13":[2,32],"14":[2,28]},"_coverageSchema":"1a1c01bbd47fc00a2c39e90264f33305004495a9","hash":"aefbc676051a8ff2feb1c521f6fb145937b24b9a"}
,"/Users/matthew/Documents/University/Computer Science/Year 2/Experimental Systems Project/FutureProof Project/FutureProof/futureproof/packages/client/src/components/search/SearchItemStats.tsx": {"path":"/Users/matthew/Documents/University/Computer Science/Year 2/Experimental Systems Project/FutureProof Project/FutureProof/futureproof/packages/client/src/components/search/SearchItemStats.tsx","statementMap":{"0":{"start":{"line":8,"column":24},"end":{"line":29,"column":1}},"1":{"start":{"line":9,"column":2},"end":{"line":28,"column":9}},"2":{"start":{"line":31,"column":15},"end":{"line":61,"column":2}}},"fnMap":{"0":{"name":"(anonymous_0)","decl":{"start":{"line":8,"column":24},"end":{"line":8,"column":25}},"loc":{"start":{"line":9,"column":2},"end":{"line":28,"column":9}},"line":9}},"branchMap":{},"s":{"0":6,"1":8,"2":6},"f":{"0":8},"b":{},"_coverageSchema":"1a1c01bbd47fc00a2c39e90264f33305004495a9","hash":"90ab029b8d60c464cc6d5f6291a9d9f6affd46f3"}
,"/Users/matthew/Documents/University/Computer Science/Year 2/Experimental Systems Project/FutureProof Project/FutureProof/futureproof/packages/client/src/components/search/SearchResult.tsx": {"path":"/Users/matthew/Documents/University/Computer Science/Year 2/Experimental Systems Project/FutureProof Project/FutureProof/futureproof/packages/client/src/components/search/SearchResult.tsx","statementMap":{"0":{"start":{"line":12,"column":21},"end":{"line":20,"column":1}},"1":{"start":{"line":13,"column":2},"end":{"line":19,"column":21}},"2":{"start":{"line":22,"column":15},"end":{"line":39,"column":2}}},"fnMap":{"0":{"name":"(anonymous_0)","decl":{"start":{"line":12,"column":21},"end":{"line":12,"column":22}},"loc":{"start":{"line":13,"column":2},"end":{"line":19,"column":21}},"line":13}},"branchMap":{"0":{"loc":{"start":{"line":15,"column":5},"end":{"line":17,"column":12}},"type":"cond-expr","locations":[{"start":{"line":16,"column":8},"end":{"line":16,"column":64}},{"start":{"line":17,"column":8},"end":{"line":17,"column":12}}],"line":15}},"s":{"0":4,"1":6,"2":4},"f":{"0":6},"b":{"0":[4,2]},"_coverageSchema":"1a1c01bbd47fc00a2c39e90264f33305004495a9","hash":"b9110de14ff5afdfd4686c288403d4f9164949ad"}
}
