TN:
SF:assets/icon.png
FNF:0
FNH:0
DA:1,2
LF:1
LH:1
BRF:0
BRH:0
end_of_record
TN:
SF:assets/icon_location.png
FNF:0
FNH:0
DA:1,6
LF:1
LH:1
BRF:0
BRH:0
end_of_record
TN:
SF:assets/icon_paragraph.png
FNF:0
FNH:0
DA:1,4
LF:1
LH:1
BRF:0
BRH:0
end_of_record
TN:
SF:src/cache.ts
FNF:0
FNH:0
DA:4,2
DA:5,2
LF:2
LH:2
BRF:0
BRH:0
end_of_record
TN:
SF:src/components/BottomSheet.tsx
FN:29,(anonymous_0)
FN:31,(anonymous_1)
FN:38,(anonymous_2)
FNF:3
FNH:3
FNDA:30,(anonymous_0)
FNDA:30,(anonymous_1)
FNDA:26,(anonymous_2)
DA:12,4
DA:14,4
DA:29,4
DA:31,30
DA:32,30
DA:33,30
DA:38,30
DA:39,26
DA:47,30
DA:50,30
DA:51,30
DA:53,30
DA:72,4
LF:13
LH:13
BRDA:40,0,0,8
BRDA:40,0,1,18
BRDA:41,1,0,8
BRDA:41,1,1,18
BRDA:55,2,0,8
BRDA:55,2,1,22
BRF:6
BRH:6
end_of_record
TN:
SF:src/components/BusinessView.tsx
FN:31,(anonymous_0)
FN:53,(anonymous_1)
FNF:2
FNH:1
FNDA:2,(anonymous_0)
FNDA:0,(anonymous_1)
DA:12,2
DA:24,2
DA:31,2
DA:32,2
DA:53,0
DA:60,2
LF:6
LH:5
BRDA:38,0,0,0
BRDA:38,0,1,2
BRF:2
BRH:1
end_of_record
TN:
SF:src/components/BusinessViewMap.tsx
FN:6,(anonymous_0)
FNF:1
FNH:1
FNDA:4,(anonymous_0)
DA:6,4
DA:7,4
DA:23,4
LF:3
LH:3
BRF:0
BRH:0
end_of_record
TN:
SF:src/components/Button.tsx
FN:22,(anonymous_0)
FN:27,(anonymous_1)
FNF:2
FNH:2
FNDA:32,(anonymous_0)
FNDA:32,(anonymous_1)
DA:22,4
DA:23,32
DA:24,32
DA:25,32
DA:27,32
DA:36,4
LF:6
LH:6
BRDA:23,0,0,2
BRDA:23,0,1,30
BRDA:23,1,0,32
BRDA:23,1,1,32
BRDA:24,2,0,2
BRDA:24,2,1,30
BRDA:24,3,0,32
BRDA:24,3,1,32
BRDA:27,4,0,0
BRDA:27,4,1,32
BRF:10
BRH:9
end_of_record
TN:
SF:src/components/DescriptionView.tsx
FN:7,(anonymous_0)
FNF:1
FNH:1
FNDA:6,(anonymous_0)
DA:7,4
DA:8,6
DA:30,4
LF:3
LH:3
BRDA:21,0,0,2
BRDA:21,0,1,4
BRF:2
BRH:2
end_of_record
TN:
SF:src/components/ImagesCarousel.tsx
FN:25,(anonymous_0)
FN:34,(anonymous_1)
FN:45,(anonymous_2)
FN:56,(anonymous_3)
FN:67,(anonymous_4)
FN:85,(anonymous_5)
FNF:6
FNH:1
FNDA:4,(anonymous_0)
FNDA:0,(anonymous_1)
FNDA:0,(anonymous_2)
FNDA:0,(anonymous_3)
FNDA:0,(anonymous_4)
FNDA:0,(anonymous_5)
DA:5,4
DA:6,4
DA:7,4
DA:8,4
DA:10,4
DA:25,4
DA:26,4
DA:27,4
DA:28,4
DA:30,4
DA:34,0
DA:45,0
DA:56,0
DA:67,0
DA:85,0
DA:90,4
LF:16
LH:11
BRF:0
BRH:0
end_of_record
TN:
SF:src/components/MapView.tsx
FN:6,(anonymous_0)
FN:9,(anonymous_1)
FN:10,(anonymous_2)
FNF:3
FNH:3
FNDA:8,(anonymous_0)
FNDA:6,(anonymous_1)
FNDA:6,(anonymous_2)
DA:6,2
DA:7,8
DA:9,8
DA:10,6
DA:11,6
DA:12,6
DA:13,4
DA:14,2
DA:17,2
DA:20,2
DA:21,2
DA:25,8
DA:43,2
LF:13
LH:13
BRDA:13,0,0,2
BRDA:13,0,1,2
BRDA:30,1,0,8
BRDA:30,1,1,6
BRDA:31,2,0,8
BRDA:31,2,1,6
BRF:6
BRH:6
end_of_record
TN:
SF:src/components/RatingView.tsx
FN:11,(anonymous_0)
FNF:1
FNH:1
FNDA:10,(anonymous_0)
DA:11,6
DA:12,10
DA:20,6
LF:3
LH:3
BRDA:11,0,0,0
BRDA:14,1,0,0
BRDA:14,1,1,10
BRF:3
BRH:1
end_of_record
TN:
SF:src/components/RatingsView.tsx
FN:8,(anonymous_0)
FNF:1
FNH:1
FNDA:4,(anonymous_0)
DA:8,4
DA:9,4
DA:18,4
LF:3
LH:3
BRF:0
BRH:0
end_of_record
TN:
SF:src/components/SearchBarView.tsx
FN:18,(anonymous_0)
FN:25,(anonymous_1)
FN:27,(anonymous_2)
FN:30,(anonymous_3)
FN:30,(anonymous_4)
FN:32,(anonymous_5)
FN:41,(anonymous_6)
FN:53,(anonymous_7)
FNF:8
FNH:3
FNDA:2,(anonymous_0)
FNDA:2,(anonymous_1)
FNDA:0,(anonymous_2)
FNDA:0,(anonymous_3)
FNDA:0,(anonymous_4)
FNDA:2,(anonymous_5)
FNDA:0,(anonymous_6)
FNDA:0,(anonymous_7)
DA:7,2
DA:18,2
DA:19,2
DA:21,2
DA:25,2
DA:27,2
DA:28,0
DA:30,0
DA:32,2
DA:35,2
DA:41,0
DA:53,0
DA:63,2
LF:13
LH:9
BRF:0
BRH:0
end_of_record
TN:
SF:src/components/SearchResultSorter.tsx
FN:37,(anonymous_0)
FN:44,(anonymous_1)
FN:57,(anonymous_2)
FN:64,(anonymous_3)
FN:69,(anonymous_4)
FNF:5
FNH:5
FNDA:26,(anonymous_0)
FNDA:4,(anonymous_1)
FNDA:2,(anonymous_2)
FNDA:4,(anonymous_3)
FNDA:2,(anonymous_4)
DA:11,2
DA:12,2
DA:37,2
DA:38,26
DA:39,26
DA:41,26
DA:44,4
DA:57,2
DA:65,4
DA:70,2
DA:71,2
DA:81,2
LF:12
LH:12
BRDA:87,0,0,1
BRDA:87,0,1,1
BRF:2
BRH:2
end_of_record
TN:
SF:src/components/SearchView.tsx
FN:18,(anonymous_0)
FN:21,(anonymous_1)
FN:24,(anonymous_2)
FN:34,(anonymous_3)
FNF:4
FNH:3
FNDA:2,(anonymous_0)
FNDA:2,(anonymous_1)
FNDA:0,(anonymous_2)
FNDA:2,(anonymous_3)
DA:6,2
DA:18,2
DA:19,2
DA:21,2
DA:22,2
DA:29,2
DA:34,2
DA:40,2
LF:8
LH:8
BRF:0
BRH:0
end_of_record
TN:
SF:src/components/SortOptions.tsx
FN:22,(anonymous_0)
FN:31,(anonymous_1)
FN:38,(anonymous_2)
FN:42,(anonymous_3)
FN:48,(anonymous_4)
FNF:5
FNH:5
FNDA:34,(anonymous_0)
FNDA:6,(anonymous_1)
FNDA:164,(anonymous_2)
FNDA:164,(anonymous_3)
FNDA:6,(anonymous_4)
DA:22,4
DA:23,34
DA:25,34
DA:26,30
DA:29,34
DA:31,34
DA:32,6
DA:33,6
DA:36,34
DA:39,164
DA:42,164
DA:48,6
DA:66,4
LF:13
LH:13
BRDA:25,0,0,30
BRDA:25,0,1,4
BRDA:25,1,0,34
BRDA:25,1,1,32
BRDA:26,2,0,28
BRDA:26,2,1,2
BRDA:26,3,0,30
BRDA:26,3,1,28
BRDA:43,4,0,0
BRDA:43,4,1,164
BRDA:44,5,0,0
BRDA:44,5,1,164
BRDA:45,6,0,28
BRDA:45,6,1,136
BRDA:54,7,0,28
BRDA:54,7,1,136
BRF:16
BRH:14
end_of_record
TN:
SF:src/components/TitleView.tsx
FN:7,(anonymous_0)
FNF:1
FNH:1
FNDA:6,(anonymous_0)
DA:7,4
DA:8,6
DA:15,4
LF:3
LH:3
BRDA:9,0,0,4
BRDA:9,0,1,2
BRF:2
BRH:2
end_of_record
TN:
SF:src/components/ratings/CertificateLabel.tsx
FN:7,(anonymous_0)
FNF:1
FNH:1
FNDA:20,(anonymous_0)
DA:4,6
DA:5,6
DA:7,6
DA:8,20
DA:23,6
LF:5
LH:5
BRDA:11,0,0,14
BRDA:11,0,1,6
BRF:2
BRH:2
end_of_record
TN:
SF:src/components/ratings/CertificatesList.tsx
FN:5,(anonymous_0)
FNF:1
FNH:1
FNDA:4,(anonymous_0)
DA:5,4
DA:6,4
DA:21,4
LF:3
LH:3
BRF:0
BRH:0
end_of_record
TN:
SF:src/components/ratings/CircularRatingIndicator.tsx
FN:8,(anonymous_0)
FNF:1
FNH:1
FNDA:26,(anonymous_0)
DA:6,10
DA:8,10
DA:9,26
DA:48,10
LF:4
LH:4
BRF:0
BRH:0
end_of_record
TN:
SF:src/components/ratings/FutureProofRatingView.tsx
FN:16,(anonymous_0)
FNF:1
FNH:1
FNDA:2,(anonymous_0)
DA:12,2
DA:16,2
DA:17,2
DA:45,2
LF:4
LH:4
BRDA:21,0,0,2
BRDA:21,0,1,0
BRF:2
BRH:1
end_of_record
TN:
SF:src/components/ratings/RectangularRatingIndicator.tsx
FN:8,(anonymous_0)
FNF:1
FNH:1
FNDA:18,(anonymous_0)
DA:6,4
DA:8,4
DA:9,18
DA:20,4
LF:4
LH:4
BRF:0
BRH:0
end_of_record
TN:
SF:src/components/search/BusinessLogo.tsx
FN:9,(anonymous_0)
FNF:1
FNH:1
FNDA:10,(anonymous_0)
DA:5,6
DA:9,6
DA:10,10
DA:20,6
LF:4
LH:4
BRDA:9,0,0,2
BRDA:12,1,0,6
BRDA:12,1,1,4
BRF:3
BRH:3
end_of_record
TN:
SF:src/components/search/RatingCapsule.tsx
FN:5,(anonymous_0)
FN:15,(anonymous_1)
FN:31,(anonymous_2)
FNF:3
FNH:3
FNDA:146,(anonymous_0)
FNDA:54,(anonymous_1)
FNDA:34,(anonymous_2)
DA:5,20
DA:6,146
DA:8,130
DA:9,78
DA:10,46
DA:11,18
DA:12,12
DA:15,20
DA:16,54
DA:18,50
DA:19,42
DA:20,30
DA:21,16
DA:22,10
DA:25,20
DA:31,20
DA:32,34
DA:48,20
LF:18
LH:18
BRDA:6,0,0,16
BRDA:6,0,1,130
BRDA:6,1,0,146
BRDA:6,1,1,138
BRDA:8,2,0,52
BRDA:8,2,1,78
BRDA:9,3,0,32
BRDA:9,3,1,46
BRDA:10,4,0,28
BRDA:10,4,1,18
BRDA:11,5,0,6
BRDA:11,5,1,12
BRDA:16,6,0,4
BRDA:16,6,1,50
BRDA:16,7,0,54
BRDA:16,7,1,52
BRDA:18,8,0,8
BRDA:18,8,1,42
BRDA:19,9,0,12
BRDA:19,9,1,30
BRDA:20,10,0,14
BRDA:20,10,1,16
BRDA:21,11,0,6
BRDA:21,11,1,10
BRDA:31,12,0,2
BRDA:35,13,0,2
BRDA:35,13,1,32
BRDA:43,14,0,2
BRDA:43,14,1,28
BRF:29
BRH:29
end_of_record
TN:
SF:src/components/search/SearchItemStats.tsx
FN:8,(anonymous_0)
FNF:1
FNH:1
FNDA:8,(anonymous_0)
DA:8,6
DA:9,8
DA:31,6
LF:3
LH:3
BRF:0
BRH:0
end_of_record
TN:
SF:src/components/search/SearchResult.tsx
FN:12,(anonymous_0)
FNF:1
FNH:1
FNDA:6,(anonymous_0)
DA:12,4
DA:13,6
DA:22,4
LF:3
LH:3
BRDA:15,0,0,4
BRDA:15,0,1,2
BRF:2
BRH:2
end_of_record
